EXCEPTION: 09/15/2020 15:56:15
   ========================================
   'The invocation of the constructor on type 'GameEngine.MainWindow' that matches the specified binding constraints threw an exception.' Line number '8' and line position '5'.
      at System.Windows.Markup.WpfXamlLoader.Load(XamlReader xamlReader, IXamlObjectWriterFactory writerFactory, Boolean skipJournaledProperties, Object rootObject, XamlObjectWriterSettings settings, Uri baseUri)
   at System.Windows.Markup.WpfXamlLoader.LoadBaml(XamlReader xamlReader, Boolean skipJournaledProperties, Object rootObject, XamlAccessLevel accessLevel, Uri baseUri)
   at System.Windows.Markup.XamlReader.LoadBaml(Stream stream, ParserContext parserContext, Object parent, Boolean closeStream)
   at System.Windows.Application.LoadBamlStreamWithSyncInfo(Stream stream, ParserContext pc)
   at System.Windows.Application.LoadComponent(Uri resourceLocator, Boolean bSkipJournaledProperties)
   at System.Windows.Application.DoStartup()
   at System.Windows.Application.<.ctor>b__1_0(Object unused)
   at System.Windows.Threading.ExceptionWrapper.InternalRealCall(Delegate callback, Object args, Int32 numArgs)
   at System.Windows.Threading.ExceptionWrapper.TryCatchWhen(Object source, Delegate callback, Object args, Int32 numArgs, Delegate catchHandler)

INNER EXCEPTION
   ----------------------------------------
   The type initializer for 'Engine.Factories.QuestFactory' threw an exception.
      at Engine.Factories.QuestFactory.GetQuestByID(Int32 id)
   at Engine.Factories.WorldFactory.AddQuests(Location location, XmlNodeList quests) in C:\Users\owenf\OneDrive\CODING\C#\repos\RPG NEW\SOSCSRPG\Engine\Factories\WorldFactory.cs:line 76
   at Engine.Factories.WorldFactory.LoadLocationsFromNodes(World world, String rootImagePath, XmlNodeList nodes) in C:\Users\owenf\OneDrive\CODING\C#\repos\RPG NEW\SOSCSRPG\Engine\Factories\WorldFactory.cs:line 51
   at Engine.Factories.WorldFactory.CreateWorld() in C:\Users\owenf\OneDrive\CODING\C#\repos\RPG NEW\SOSCSRPG\Engine\Factories\WorldFactory.cs:line 25
   at Engine.ViewModels.GameSession..ctor() in C:\Users\owenf\OneDrive\CODING\C#\repos\RPG NEW\SOSCSRPG\Engine\ViewModels\GameSession.cs:line 206
   at GameEngine.MainWindow..ctor() in C:\Users\owenf\OneDrive\CODING\C#\repos\RPG NEW\SOSCSRPG\WPFUI\MainWindow.xaml.cs:line 25

INNER EXCEPTION
   ----------------------------------------
   The attribute './Prerequisites/Level' is not valid.
      at Engine.Shared.ExtensionMethods.AttributeAsString(XmlNode node, String attributeName) in C:\Users\owenf\OneDrive\CODING\C#\repos\RPG NEW\SOSCSRPG\Engine\Shared\ExtensionMethods.cs:line 25
   at Engine.Shared.ExtensionMethods.AttributeAsInt(XmlNode node, String attributeName) in C:\Users\owenf\OneDrive\CODING\C#\repos\RPG NEW\SOSCSRPG\Engine\Shared\ExtensionMethods.cs:line 15
   at Engine.Factories.QuestFactory.LoadQuestsFromNodes(XmlNodeList nodes) in C:\Users\owenf\OneDrive\CODING\C#\repos\RPG NEW\SOSCSRPG\Engine\Factories\QuestFactory.cs:line 56
   at Engine.Factories.QuestFactory..cctor() in C:\Users\owenf\OneDrive\CODING\C#\repos\RPG NEW\SOSCSRPG\Engine\Factories\QuestFactory.cs:line 23

EXCEPTION: 09/15/2020 17:37:03
   ========================================
   'The invocation of the constructor on type 'GameEngine.MainWindow' that matches the specified binding constraints threw an exception.' Line number '8' and line position '5'.
      at System.Windows.Markup.WpfXamlLoader.Load(XamlReader xamlReader, IXamlObjectWriterFactory writerFactory, Boolean skipJournaledProperties, Object rootObject, XamlObjectWriterSettings settings, Uri baseUri)
   at System.Windows.Markup.WpfXamlLoader.LoadBaml(XamlReader xamlReader, Boolean skipJournaledProperties, Object rootObject, XamlAccessLevel accessLevel, Uri baseUri)
   at System.Windows.Markup.XamlReader.LoadBaml(Stream stream, ParserContext parserContext, Object parent, Boolean closeStream)
   at System.Windows.Application.LoadBamlStreamWithSyncInfo(Stream stream, ParserContext pc)
   at System.Windows.Application.LoadComponent(Uri resourceLocator, Boolean bSkipJournaledProperties)
   at System.Windows.Application.DoStartup()
   at System.Windows.Application.<.ctor>b__1_0(Object unused)
   at System.Windows.Threading.ExceptionWrapper.InternalRealCall(Delegate callback, Object args, Int32 numArgs)
   at System.Windows.Threading.ExceptionWrapper.TryCatchWhen(Object source, Delegate callback, Object args, Int32 numArgs, Delegate catchHandler)

INNER EXCEPTION
   ----------------------------------------
   The type initializer for 'Engine.Factories.QuestFactory' threw an exception.
      at Engine.Factories.QuestFactory.GetQuestByID(Int32 id)
   at Engine.Factories.WorldFactory.AddQuests(Location location, XmlNodeList quests) in C:\Users\owenf\OneDrive\CODING\C#\repos\RPG NEW\SOSCSRPG\Engine\Factories\WorldFactory.cs:line 76
   at Engine.Factories.WorldFactory.LoadLocationsFromNodes(World world, String rootImagePath, XmlNodeList nodes) in C:\Users\owenf\OneDrive\CODING\C#\repos\RPG NEW\SOSCSRPG\Engine\Factories\WorldFactory.cs:line 51
   at Engine.Factories.WorldFactory.CreateWorld() in C:\Users\owenf\OneDrive\CODING\C#\repos\RPG NEW\SOSCSRPG\Engine\Factories\WorldFactory.cs:line 25
   at Engine.ViewModels.GameSession..ctor() in C:\Users\owenf\OneDrive\CODING\C#\repos\RPG NEW\SOSCSRPG\Engine\ViewModels\GameSession.cs:line 239
   at GameEngine.MainWindow..ctor() in C:\Users\owenf\OneDrive\CODING\C#\repos\RPG NEW\SOSCSRPG\WPFUI\MainWindow.xaml.cs:line 25

INNER EXCEPTION
   ----------------------------------------
   Expression must evaluate to a node-set.
      at MS.Internal.Xml.XPath.XPathParser.ParseNodeTest(AstNode qyInput, AxisType axisType, XPathNodeType nodeType)
   at MS.Internal.Xml.XPath.XPathParser.ParseStep(AstNode qyInput)
   at MS.Internal.Xml.XPath.XPathParser.ParseRelativeLocationPath(AstNode qyInput)
   at MS.Internal.Xml.XPath.XPathParser.ParseLocationPath(AstNode qyInput)
   at MS.Internal.Xml.XPath.XPathParser.ParsePathExpr(AstNode qyInput)
   at MS.Internal.Xml.XPath.XPathParser.ParseUnionExpr(AstNode qyInput)
   at MS.Internal.Xml.XPath.XPathParser.ParseUnaryExpr(AstNode qyInput)
   at MS.Internal.Xml.XPath.XPathParser.ParseMultiplicativeExpr(AstNode qyInput)
   at MS.Internal.Xml.XPath.XPathParser.ParseAdditiveExpr(AstNode qyInput)
   at MS.Internal.Xml.XPath.XPathParser.ParseRelationalExpr(AstNode qyInput)
   at MS.Internal.Xml.XPath.XPathParser.ParseEqualityExpr(AstNode qyInput)
   at MS.Internal.Xml.XPath.XPathParser.ParseAndExpr(AstNode qyInput)
   at MS.Internal.Xml.XPath.XPathParser.ParseOrExpr(AstNode qyInput)
   at MS.Internal.Xml.XPath.XPathParser.ParseExpresion(AstNode qyInput)
   at MS.Internal.Xml.XPath.XPathParser.ParseXPathExpresion(String xpathExpresion)
   at System.Xml.XPath.XPathExpression.Compile(String xpath, IXmlNamespaceResolver nsResolver)
   at System.Xml.XPath.XPathNavigator.Select(String xpath)
   at System.Xml.XmlNode.SelectNodes(String xpath)
   at System.Xml.XmlNode.SelectSingleNode(String xpath)
   at Engine.Factories.QuestFactory.LoadQuestsFromNodes(XmlNodeList nodes) in C:\Users\owenf\OneDrive\CODING\C#\repos\RPG NEW\SOSCSRPG\Engine\Factories\QuestFactory.cs:line 60
   at Engine.Factories.QuestFactory..cctor() in C:\Users\owenf\OneDrive\CODING\C#\repos\RPG NEW\SOSCSRPG\Engine\Factories\QuestFactory.cs:line 23

